<?xml version="1.0" encoding="UTF-8"?>
<!-- Generated by org.testng.reporters.JUnitXMLReporter -->
<testsuite ignored="0" hostname="IN3024793W2" failures="1" tests="2" name="Test" time="10.756" errors="0" timestamp="2022-12-05T11:19:01 IST">
  <testcase classname="StepDefinitions.LoginPageTest" name="user_is_logging_in_guidewire_home_page_with_values_present_in_login_pagesheet_and" time="0.0">
    <failure type="org.testng.TestNGException" message="
Cannot inject @Test annotated Method [user_is_logging_in_guidewire_home_page_with_values_present_in_login_pagesheet_and] with [class java.lang.String, class java.lang.String].
For more information on native dependency injection please refer to https://testng.org/doc/documentation-main.html#native-dependency-injection">
      <![CDATA[org.testng.TestNGException: 
Cannot inject @Test annotated Method [user_is_logging_in_guidewire_home_page_with_values_present_in_login_pagesheet_and] with [class java.lang.String, class java.lang.String].
For more information on native dependency injection please refer to https://testng.org/doc/documentation-main.html#native-dependency-injection
at java.base/java.util.concurrent.ThreadPoolExecutor.runWorker(ThreadPoolExecutor.java:1136)
at java.base/java.util.concurrent.ThreadPoolExecutor$Worker.run(ThreadPoolExecutor.java:635)
at java.base/java.lang.Thread.run(Thread.java:833)
... Removed 11 stack frames]]>
    </failure>
  </testcase> <!-- user_is_logging_in_guidewire_home_page_with_values_present_in_login_pagesheet_and -->
  <testcase classname="StepDefinitions.LoginPageTest" name="validating_the_screen_with_userid" time="0.117"/>
</testsuite> <!-- Test -->
