<?xml version="1.0" encoding="UTF-8"?>
<!-- Generated by org.testng.reporters.JUnitReportReporter -->
<testsuite hostname="IN3024793W2" failures="0" tests="2" name="StepDefinitions.LoginPageTest" time="0.117" errors="1" timestamp="2022-12-05T11:19:01 IST" skipped="0">
  <testcase classname="StepDefinitions.LoginPageTest" name="user_is_logging_in_guidewire_home_page_with_values_present_in_login_pagesheet_and" time="0.000">
    <error message="
Cannot inject @Test annotated Method [user_is_logging_in_guidewire_home_page_with_values_present_in_login_pagesheet_and] with [class java.lang.String, class java.lang.String].
For more information on native dependency injection please refer to https://testng.org/doc/documentation-main.html#native-dependency-injection" type="org.testng.TestNGException">
      <![CDATA[org.testng.TestNGException: 
Cannot inject @Test annotated Method [user_is_logging_in_guidewire_home_page_with_values_present_in_login_pagesheet_and] with [class java.lang.String, class java.lang.String].
For more information on native dependency injection please refer to https://testng.org/doc/documentation-main.html#native-dependency-injection
at org.testng.internal.Parameters.checkParameterTypes(Parameters.java:436)
at org.testng.internal.Parameters.createParametersForMethod(Parameters.java:350)
at org.testng.internal.Parameters.createParameters(Parameters.java:693)
at org.testng.internal.Parameters.handleParameters(Parameters.java:888)
at org.testng.internal.Parameters.handleParameters(Parameters.java:728)
at org.testng.internal.invokers.ParameterHandler.handleParameters(ParameterHandler.java:72)
at org.testng.internal.invokers.ParameterHandler.createParameters(ParameterHandler.java:51)
at org.testng.internal.invokers.TestInvoker$MethodInvocationAgent.invoke(TestInvoker.java:917)
at org.testng.internal.invokers.TestInvoker.invokeTestMethods(TestInvoker.java:194)
at org.testng.internal.invokers.TestMethodWorker.invokeTestMethods(TestMethodWorker.java:148)
at org.testng.internal.invokers.TestMethodWorker.run(TestMethodWorker.java:128)
at java.base/java.util.concurrent.ThreadPoolExecutor.runWorker(ThreadPoolExecutor.java:1136)
at java.base/java.util.concurrent.ThreadPoolExecutor$Worker.run(ThreadPoolExecutor.java:635)
at java.base/java.lang.Thread.run(Thread.java:833)
]]>
    </error>
  </testcase> <!-- user_is_logging_in_guidewire_home_page_with_values_present_in_login_pagesheet_and -->
  <system-out/>
  <testcase classname="StepDefinitions.LoginPageTest" name="validating_the_screen_with_userid" time="0.117"/>
  <system-out/>
</testsuite> <!-- StepDefinitions.LoginPageTest -->
